0 info it worked if it ends with ok
1 verbose cli [ 'node', '/Users/daiwei/.nvm/v0.10.38/bin/npm', 'run', 'server' ]
2 info using npm@2.9.1
3 info using node@v0.10.38
4 verbose run-script [ 'preserver', 'server', 'postserver' ]
5 info preserver ladder@1.0.0
6 info server ladder@1.0.0
7 verbose unsafe-perm in lifecycle true
8 info ladder@1.0.0 Failed to exec server script
9 verbose stack Error: ladder@1.0.0 server: `http-server -p 9400 -s`
9 verbose stack Exit status 143
9 verbose stack     at EventEmitter.<anonymous> (/Users/daiwei/.nvm/v0.10.38/lib/node_modules/npm/lib/utils/lifecycle.js:213:16)
9 verbose stack     at EventEmitter.emit (events.js:98:17)
9 verbose stack     at ChildProcess.<anonymous> (/Users/daiwei/.nvm/v0.10.38/lib/node_modules/npm/lib/utils/spawn.js:24:14)
9 verbose stack     at ChildProcess.emit (events.js:98:17)
9 verbose stack     at maybeClose (child_process.js:766:16)
9 verbose stack     at Process.ChildProcess._handle.onexit (child_process.js:833:5)
10 verbose pkgid ladder@1.0.0
11 verbose cwd /Users/daiwei/dev/projects/ladderapp
12 error Darwin 14.3.0
13 error argv "node" "/Users/daiwei/.nvm/v0.10.38/bin/npm" "run" "server"
14 error node v0.10.38
15 error npm  v2.9.1
16 error code ELIFECYCLE
17 error ladder@1.0.0 server: `http-server -p 9400 -s`
17 error Exit status 143
18 error Failed at the ladder@1.0.0 server script 'http-server -p 9400 -s'.
18 error This is most likely a problem with the ladder package,
18 error not with npm itself.
18 error Tell the author that this fails on your system:
18 error     http-server -p 9400 -s
18 error You can get their info via:
18 error     npm owner ls ladder
18 error There is likely additional logging output above.
19 verbose exit [ 1, true ]
